<?xml version="1.0" encoding="UTF-8"?>
<testsuite name="com.bridgelabz.EmployeePayrollTest" tests="2" skipped="0" failures="0" errors="0" timestamp="2022-07-26T14:12:28" hostname="KISALAY" time="0.032">
  <properties/>
  <testcase name="givenFile_WhenRead_ShouldReturnNumberOfEntries()" classname="com.bridgelabz.EmployeePayrollTest" time="0.021"/>
  <testcase name="given3Employees_WhenWrittenToFile_ShouldMatchEmployeeEntries()" classname="com.bridgelabz.EmployeePayrollTest" time="0.01"/>
  <system-out><![CDATA[Employee Details from payroll-file.txt
EmployeeID= 1, EmployeeName= Jeff Bezos, EmployeeSalary= 100000.0
EmployeeID= 2, EmployeeName= Bill Gates, EmployeeSalary= 200000.0
EmployeeID= 3, EmployeeName= Mark Zuckerberg, EmployeeSalary= 300000.0
]]></system-out>
  <system-err><![CDATA[]]></system-err>
</testsuite>
